20250121215548 - Ensuring PostGIS extension is installed...
20250121215552 - Downloading file...
20250121215552 - Unzipping file...
20250121215552 - Validating and cleaning file...
20250121215552 - Removing duplicates with old data...
20250121215552 - Setting up PostgreSQL table...
20250121215556 - Loading data into PostgreSQL...
20250121215602 - Generating report...
20250121215602 - Finding best customers...
20250121215605 - ERROR: Failed to execute SQL query
20250121220305 - Ensuring PostGIS extension is installed...
20250121220310 - Downloading file...
20250121220310 - Unzipping file...
20250121220310 - Validating and cleaning file...
20250121220310 - Removing duplicates with old data...
20250121220310 - Setting up PostgreSQL table...
20250121220313 - Loading data into PostgreSQL...
20250121220321 - Generating report...
20250121220321 - Finding best customers...
20250121220328 - Exporting best customers to CSV...
20250121220333 - Compressing CSV file...
20250121220333 - Script execution completed successfully.
